<?xml version="1.0" encoding="UTF-8"?>
<!-- Generated by org.testng.reporters.JUnitReportReporter -->
<testsuite hostname="inlen8520017715" failures="0" tests="2" name="Test.Day1" time="0.010" errors="0" timestamp="2023-04-03T14:14:28 IST" skipped="0">
  <testcase classname="Test.Day1" name="SecondTest" time="0.001"/>
  <system-out/>
  <testcase classname="Test.Day1" name="Demo" time="0.009"/>
  <system-out/>
</testsuite> <!-- Test.Day1 -->
