<?xml version="1.0" encoding="UTF-8"?>
<!-- Generated by org.testng.reporters.JUnitReportReporter -->
<testsuite hostname="inlen8520017715" failures="0" tests="1" name="Test.Day5" time="0.004" errors="0" timestamp="2023-03-20T17:09:21 IST" skipped="0">
  <testcase classname="Test.Day5" name="CarloanAPI" time="0.004"/>
  <system-out/>
</testsuite> <!-- Test.Day5 -->
