<?xml version="1.0" encoding="UTF-8"?>
<!-- Generated by org.testng.reporters.JUnitReportReporter -->
<testsuite hostname="inlen8520017715" failures="0" tests="1" name="Test.Day7" time="0.010" errors="0" timestamp="2023-03-20T18:33:40 IST" skipped="0">
  <testcase classname="Test.Day7" name="HomeLoanMObile" time="0.010"/>
  <system-out/>
</testsuite> <!-- Test.Day7 -->
