<?xml version="1.0" encoding="UTF-8"?>
<!-- Generated by org.testng.reporters.JUnitReportReporter -->
<testsuite hostname="inlen8520017715" failures="0" tests="1" name="Test.Day6" time="0.006" errors="0" timestamp="2023-03-20T18:15:36 IST" skipped="0">
  <testcase classname="Test.Day6" name="HomeLoan" time="0.006"/>
  <system-out/>
</testsuite> <!-- Test.Day6 -->
