<?xml version="1.0" encoding="UTF-8"?>
<!-- Generated by org.testng.reporters.JUnitReportReporter -->
<testsuite hostname="inlen8520017715" failures="0" tests="2" name="Test.Day3" time="0.004" errors="0" timestamp="2023-04-03T14:14:28 IST" skipped="0">
  <testcase classname="Test.Day3" name="HomeLoan" time="0.003"/>
  <system-out/>
  <testcase classname="Test.Day3" name="HomeloanAPI" time="0.001"/>
  <system-out/>
</testsuite> <!-- Test.Day3 -->
