<?xml version="1.0" encoding="UTF-8"?>
<!-- Generated by org.testng.reporters.JUnitReportReporter -->
<testsuite hostname="inlen8520017715" failures="0" tests="3" name="Test.Day8" time="0.012" errors="0" timestamp="2023-04-03T14:15:03 IST" skipped="1">
  <testcase classname="Test.Day8" name="HomeLoan" time="0.010"/>
  <system-out/>
  <testcase classname="Test.Day8" name="HomeloanAPI" time="0.002"/>
  <system-out/>
  <testcase classname="Test.Day8" name="HomeLoanMObile">
    <skipped/>
  </testcase> <!-- HomeLoanMObile -->
  <system-out/>
</testsuite> <!-- Test.Day8 -->
